# JRE version: OpenJDK Runtime Environment (8.0_242-b01) (build 1.8.0_242-release-1644-b01)
# Java VM: OpenJDK 64-Bit Server VM (25.242-b01 mixed mode windows-amd64 compressed oops)
Heap:
 PSYoungGen      total 598528K, used 12136K [0x00000000d5580000, 0x0000000100000000, 0x0000000100000000)
  eden space 525824K, 2% used [0x00000000d5580000,0x00000000d615a0a0,0x00000000f5700000)
  from space 72704K, 0% used [0x00000000fb500000,0x00000000fb500000,0x00000000ffc00000)
  to   space 86528K, 0% used [0x00000000f5700000,0x00000000f5700000,0x00000000fab80000)
 ParOldGen       total 224768K, used 173809K [0x0000000080000000, 0x000000008db80000, 0x00000000d5580000)
  object space 224768K, 77% used [0x0000000080000000,0x000000008a9bc7b0,0x000000008db80000)
 Metaspace       used 188169K, capacity 196582K, committed 201036K, reserved 1222656K
  class space    used 24337K, capacity 26052K, committed 27264K, reserved 1048576K
GC Heap History (10 events):
Event: 3282.973 GC heap before
{Heap before GC invocations=37 (full 6):
 PSYoungGen      total 613376K, used 541589K [0x00000000d5580000, 0x00000000ffb00000, 0x0000000100000000)
  eden space 535040K, 100% used [0x00000000d5580000,0x00000000f6000000,0x00000000f6000000)
  from space 78336K, 8% used [0x00000000fae80000,0x00000000fb4e5680,0x00000000ffb00000)
  to   space 79360K, 0% used [0x00000000f6000000,0x00000000f6000000,0x00000000fad80000)
 ParOldGen       total 224768K, used 179631K [0x0000000080000000, 0x000000008db80000, 0x00000000d5580000)
  object space 224768K, 79% used [0x0000000080000000,0x000000008af6beb0,0x000000008db80000)
 Metaspace       used 187484K, capacity 195842K, committed 201036K, reserved 1222656K
  class space    used 24267K, capacity 25988K, committed 27264K, reserved 1048576K
Event: 3282.986 GC heap after
Heap after GC invocations=37 (full 6):
 PSYoungGen      total 614400K, used 9084K [0x00000000d5580000, 0x00000000ffd00000, 0x0000000100000000)
  eden space 535040K, 0% used [0x00000000d5580000,0x00000000d5580000,0x00000000f6000000)
  from space 79360K, 11% used [0x00000000f6000000,0x00000000f68df2e0,0x00000000fad80000)
  to   space 77312K, 0% used [0x00000000fb180000,0x00000000fb180000,0x00000000ffd00000)
 ParOldGen       total 224768K, used 184015K [0x0000000080000000, 0x000000008db80000, 0x00000000d5580000)
  object space 224768K, 81% used [0x0000000080000000,0x000000008b3b3f00,0x000000008db80000)
 Metaspace       used 187484K, capacity 195842K, committed 201036K, reserved 1222656K
  class space    used 24267K, capacity 25988K, committed 27264K, reserved 1048576K
}
Event: 3284.413 GC heap before
{Heap before GC invocations=38 (full 6):
 PSYoungGen      total 614400K, used 544124K [0x00000000d5580000, 0x00000000ffd00000, 0x0000000100000000)
  eden space 535040K, 100% used [0x00000000d5580000,0x00000000f6000000,0x00000000f6000000)
  from space 79360K, 11% used [0x00000000f6000000,0x00000000f68df2e0,0x00000000fad80000)
  to   space 77312K, 0% used [0x00000000fb180000,0x00000000fb180000,0x00000000ffd00000)
 ParOldGen       total 224768K, used 184015K [0x0000000080000000, 0x000000008db80000, 0x00000000d5580000)
  object space 224768K, 81% used [0x0000000080000000,0x000000008b3b3f00,0x000000008db80000)
 Metaspace       used 187496K, capacity 195850K, committed 201036K, reserved 1222656K
  class space    used 24267K, capacity 25988K, committed 27264K, reserved 1048576K
Event: 3284.442 GC heap after
Heap after GC invocations=38 (full 6):
 PSYoungGen      total 616448K, used 4605K [0x00000000d5580000, 0x00000000ffa00000, 0x0000000100000000)
  eden space 542208K, 0% used [0x00000000d5580000,0x00000000d5580000,0x00000000f6700000)
  from space 74240K, 6% used [0x00000000fb180000,0x00000000fb5ff410,0x00000000ffa00000)
  to   space 75264K, 0% used [0x00000000f6700000,0x00000000f6700000,0x00000000fb080000)
 ParOldGen       total 224768K, used 191687K [0x0000000080000000, 0x000000008db80000, 0x00000000d5580000)
  object space 224768K, 85% used [0x0000000080000000,0x000000008bb31e58,0x000000008db80000)
 Metaspace       used 187496K, capacity 195850K, committed 201036K, reserved 1222656K
  class space    used 24267K, capacity 25988K, committed 27264K, reserved 1048576K
}
Event: 3285.817 GC heap before
{Heap before GC invocations=39 (full 6):
 PSYoungGen      total 616448K, used 546813K [0x00000000d5580000, 0x00000000ffa00000, 0x0000000100000000)
  eden space 542208K, 100% used [0x00000000d5580000,0x00000000f6700000,0x00000000f6700000)
  from space 74240K, 6% used [0x00000000fb180000,0x00000000fb5ff410,0x00000000ffa00000)
  to   space 75264K, 0% used [0x00000000f6700000,0x00000000f6700000,0x00000000fb080000)
 ParOldGen       total 224768K, used 191687K [0x0000000080000000, 0x000000008db80000, 0x00000000d5580000)
  object space 224768K, 85% used [0x0000000080000000,0x000000008bb31e58,0x000000008db80000)
 Metaspace       used 187515K, capacity 195854K, committed 201036K, reserved 1222656K
  class space    used 24267K, capacity 25988K, committed 27264K, reserved 1048576K
Event: 3285.834 GC heap after
Heap after GC invocations=39 (full 6):
 PSYoungGen      total 617472K, used 7329K [0x00000000d5580000, 0x00000000ffc00000, 0x0000000100000000)
  eden space 542208K, 0% used [0x00000000d5580000,0x00000000d5580000,0x00000000f6700000)
  from space 75264K, 9% used [0x00000000f6700000,0x00000000f6e28580,0x00000000fb080000)
  to   space 72704K, 0% used [0x00000000fb500000,0x00000000fb500000,0x00000000ffc00000)
 ParOldGen       total 224768K, used 194238K [0x0000000080000000, 0x000000008db80000, 0x00000000d5580000)
  object space 224768K, 86% used [0x0000000080000000,0x000000008bdaf950,0x000000008db80000)
 Metaspace       used 187515K, capacity 195854K, committed 201036K, reserved 1222656K
  class space    used 24267K, capacity 25988K, committed 27264K, reserved 1048576K
}
Event: 3289.007 GC heap before
{Heap before GC invocations=40 (full 6):
 PSYoungGen      total 617472K, used 549537K [0x00000000d5580000, 0x00000000ffc00000, 0x0000000100000000)
  eden space 542208K, 100% used [0x00000000d5580000,0x00000000f6700000,0x00000000f6700000)
  from space 75264K, 9% used [0x00000000f6700000,0x00000000f6e28580,0x00000000fb080000)
  to   space 72704K, 0% used [0x00000000fb500000,0x00000000fb500000,0x00000000ffc00000)
 ParOldGen       total 224768K, used 194238K [0x0000000080000000, 0x000000008db80000, 0x00000000d5580000)
  object space 224768K, 86% used [0x0000000080000000,0x000000008bdaf950,0x000000008db80000)
 Metaspace       used 188232K, capacity 196724K, committed 201036K, reserved 1222656K
  class space    used 24363K, capacity 26101K, committed 27264K, reserved 1048576K
Event: 3289.105 GC heap after
Heap after GC invocations=40 (full 6):
 PSYoungGen      total 598528K, used 72254K [0x00000000d5580000, 0x0000000100000000, 0x0000000100000000)
  eden space 525824K, 0% used [0x00000000d5580000,0x00000000d5580000,0x00000000f5700000)
  from space 72704K, 99% used [0x00000000fb500000,0x00000000ffb8fa28,0x00000000ffc00000)
  to   space 86528K, 0% used [0x00000000f5700000,0x00000000f5700000,0x00000000fab80000)
 ParOldGen       total 224768K, used 196828K [0x0000000080000000, 0x000000008db80000, 0x00000000d5580000)
  object space 224768K, 87% used [0x0000000080000000,0x000000008c037118,0x000000008db80000)
 Metaspace       used 188232K, capacity 196724K, committed 201036K, reserved 1222656K
  class space    used 24363K, capacity 26101K, committed 27264K, reserved 1048576K
}
Event: 3289.105 GC heap before
{Heap before GC invocations=41 (full 7):
 PSYoungGen      total 598528K, used 72254K [0x00000000d5580000, 0x0000000100000000, 0x0000000100000000)
  eden space 525824K, 0% used [0x00000000d5580000,0x00000000d5580000,0x00000000f5700000)
  from space 72704K, 99% used [0x00000000fb500000,0x00000000ffb8fa28,0x00000000ffc00000)
  to   space 86528K, 0% used [0x00000000f5700000,0x00000000f5700000,0x00000000fab80000)
 ParOldGen       total 224768K, used 196828K [0x0000000080000000, 0x000000008db80000, 0x00000000d5580000)
  object space 224768K, 87% used [0x0000000080000000,0x000000008c037118,0x000000008db80000)
 Metaspace       used 188232K, capacity 196724K, committed 201036K, reserved 1222656K
  class space    used 24363K, capacity 26101K, committed 27264K, reserved 1048576K
Event: 3290.076 GC heap after
Heap after GC invocations=41 (full 7):
 PSYoungGen      total 598528K, used 0K [0x00000000d5580000, 0x0000000100000000, 0x0000000100000000)
  eden space 525824K, 0% used [0x00000000d5580000,0x00000000d5580000,0x00000000f5700000)
  from space 72704K, 0% used [0x00000000fb500000,0x00000000fb500000,0x00000000ffc00000)
  to   space 86528K, 0% used [0x00000000f5700000,0x00000000f5700000,0x00000000fab80000)
 ParOldGen       total 224768K, used 173809K [0x0000000080000000, 0x000000008db80000, 0x00000000d5580000)
  object space 224768K, 77% used [0x0000000080000000,0x000000008a9bc7b0,0x000000008db80000)
 Metaspace       used 188158K, capacity 196518K, committed 201036K, reserved 1222656K
  class space    used 24337K, capacity 26052K, committed 27264K, reserved 1048576K
}

